
{"level":"info","message":"fetching","timestamp":"04-07-2023 12:50:40"}
{"body":"\"cndjs\"","level":"info","message":"creating","timestamp":"04-07-2023 12:50:44"}
{"level":"info","message":"fetching","timestamp":"04-07-2023 12:50:48"}
{"level":"info","message":"fetching","timestamp":"04-07-2023 12:51:43"}
{"body":"\"nfejnje\"","level":"info","message":"creating","timestamp":"04-07-2023 12:51:49"}
{"level":"info","message":"fetching","timestamp":"04-07-2023 12:51:52"}
{"body":"\"new\"","level":"info","message":"modifying","timestamp":"04-07-2023 12:51:58"}
{"level":"info","message":"fetching","timestamp":"04-07-2023 12:52:02"}
{"level":"info","message":"fetching","timestamp":"04-07-2023 13:07:18"}
{"body":"\"new\"","level":"info","message":"modifying","timestamp":"04-07-2023 13:07:28"}
{"level":"info","message":"fetching","timestamp":"04-07-2023 13:07:31"}
{"level":"info","message":"fetching","timestamp":"04-07-2023 13:10:17"}
{"body":"\"new task\"","level":"info","message":"creating","timestamp":"04-07-2023 13:10:26"}
{"level":"info","message":"fetching","timestamp":"04-07-2023 13:10:29"}
{"level":"info","message":"fetching","timestamp":"05-07-2023 20:19:25"}
{"level":"info","message":"fetching","timestamp":"05-07-2023 20:19:26"}
{"level":"info","message":"creating","timestamp":"05-07-2023 20:19:31"}
{"level":"info","message":"fetching","timestamp":"05-07-2023 20:19:32"}
{"level":"info","message":"fetching","timestamp":"05-07-2023 20:19:32"}
{"level":"info","message":"fetching","timestamp":"05-07-2023 20:20:50"}
{"level":"info","message":"creating","timestamp":"05-07-2023 20:20:56"}
{"level":"info","message":"creating","timestamp":"05-07-2023 20:21:04"}
{"level":"info","message":"fetching","timestamp":"05-07-2023 20:21:05"}
{"level":"info","message":"fetching","timestamp":"05-07-2023 20:21:06"}
{"level":"info","message":"fetching","timestamp":"05-07-2023 20:27:10"}
{"level":"info","message":"fetching","timestamp":"05-07-2023 20:27:15"}
{"level":"info","message":"fetching","timestamp":"05-07-2023 20:27:18"}
{"level":"info","message":"fetching","timestamp":"05-07-2023 20:27:33"}
{"level":"info","message":"creating","timestamp":"05-07-2023 20:27:40"}
{"level":"info","message":"fetching","timestamp":"05-07-2023 20:27:42"}
{"level":"info","message":"fetching","timestamp":"05-07-2023 20:27:42"}
{"level":"info","message":"fetching","timestamp":"05-07-2023 20:38:41"}
{"level":"info","message":"fetching","timestamp":"05-07-2023 20:38:41"}
{"body":"\"MKFEWˇ\"","level":"info","message":"creating","timestamp":"05-07-2023 20:38:47"}
{"body":"\"NKNKN\"","level":"info","message":"creating","timestamp":"05-07-2023 20:38:52"}
{"level":"info","message":"deleting","timestamp":"05-07-2023 20:38:54"}
{"level":"info","message":"fetching","timestamp":"05-07-2023 20:38:58"}
{"level":"info","message":"fetching","timestamp":"05-07-2023 20:39:02"}
{"level":"info","message":"fetching","timestamp":"05-07-2023 20:39:02"}
{"level":"info","message":"fetching","timestamp":"05-07-2023 20:43:48"}
{"level":"info","message":"fetching","timestamp":"05-07-2023 20:43:48"}
{"body":"\"HEW\"","level":"info","message":"creating","timestamp":"05-07-2023 20:43:53"}
{"level":"info","message":"fetching","timestamp":"05-07-2023 20:43:56"}
{"level":"info","message":"fetching","timestamp":"05-07-2023 20:43:59"}
{"level":"info","message":"fetching","timestamp":"05-07-2023 20:43:59"}
{"body":"\"MEK\"","level":"info","message":"creating","timestamp":"05-07-2023 20:44:03"}
{"level":"info","message":"fetching","timestamp":"05-07-2023 20:44:19"}
{"body":"\"MEK\"","level":"info","message":"modifying","timestamp":"05-07-2023 20:44:24"}
{"body":"\"MEK\"","level":"info","message":"modifying","timestamp":"05-07-2023 20:44:24"}
{"body":"\"MEK\"","level":"info","message":"modifying","timestamp":"05-07-2023 20:44:25"}
{"level":"info","message":"fetching","timestamp":"05-07-2023 20:44:28"}
{"level":"info","message":"creating","timestamp":"07-07-2023 09:13:57"}
{"level":"info","message":"fetching","timestamp":"07-07-2023 09:13:58"}
{"level":"info","message":"fetching","timestamp":"07-07-2023 09:13:59"}
{"level":"info","message":"deleting","timestamp":"07-07-2023 09:14:02"}
{"level":"info","message":"fetching","timestamp":"07-07-2023 09:25:28"}
{"level":"info","message":"creating","timestamp":"07-07-2023 09:25:30"}
{"level":"info","message":"fetching","timestamp":"07-07-2023 09:25:31"}
{"level":"info","message":"fetching","timestamp":"07-07-2023 09:25:31"}
{"body":"\"existing_user's Task\"","level":"info","message":"creating","timestamp":"07-07-2023 09:25:32"}
{"level":"info","message":"deleting","timestamp":"07-07-2023 09:25:33"}
{"level":"info","message":"fetching","timestamp":"07-07-2023 09:25:34"}
{"level":"info","message":"creating","timestamp":"07-07-2023 09:25:39"}
{"level":"info","message":"fetching","timestamp":"07-07-2023 09:25:40"}
{"level":"info","message":"fetching","timestamp":"07-07-2023 09:25:40"}
{"level":"info","message":"fetching","timestamp":"07-07-2023 09:26:00"}
{"level":"info","message":"creating","timestamp":"07-07-2023 09:26:02"}
{"level":"info","message":"fetching","timestamp":"07-07-2023 09:26:03"}
{"level":"info","message":"fetching","timestamp":"07-07-2023 09:26:03"}
{"level":"info","message":"fetching","timestamp":"07-07-2023 09:26:18"}
{"level":"info","message":"creating","timestamp":"07-07-2023 09:26:20"}
{"level":"info","message":"fetching","timestamp":"07-07-2023 09:26:20"}
{"level":"info","message":"fetching","timestamp":"07-07-2023 09:26:20"}
{"body":"\"existing_user's Task old\"","level":"info","message":"modifying","timestamp":"07-07-2023 09:26:21"}
{"body":"\"existing_user's Task old\"","level":"info","message":"modifying","timestamp":"07-07-2023 09:26:22"}
{"level":"info","message":"fetching","timestamp":"07-07-2023 09:26:32"}
{"level":"info","message":"creating","timestamp":"07-07-2023 09:26:33"}
{"level":"info","message":"fetching","timestamp":"07-07-2023 09:26:33"}
{"level":"info","message":"fetching","timestamp":"07-07-2023 09:26:33"}
{"level":"info","message":"deleting","timestamp":"07-07-2023 09:26:33"}
{"level":"info","message":"fetching","timestamp":"07-07-2023 09:26:34"}
{"level":"info","message":"creating","timestamp":"07-07-2023 09:26:35"}
{"level":"info","message":"fetching","timestamp":"07-07-2023 09:26:45"}
{"level":"info","message":"creating","timestamp":"07-07-2023 09:26:46"}
{"level":"info","message":"fetching","timestamp":"07-07-2023 09:26:47"}
{"level":"info","message":"creating","timestamp":"07-07-2023 09:26:48"}
{"level":"info","message":"fetching","timestamp":"07-07-2023 09:29:16"}
{"level":"info","message":"creating","timestamp":"07-07-2023 09:29:18"}
{"level":"info","message":"fetching","timestamp":"07-07-2023 09:29:18"}
{"level":"info","message":"fetching","timestamp":"07-07-2023 09:29:18"}
{"body":"\"existing_user's Task\"","level":"info","message":"creating","timestamp":"07-07-2023 09:29:19"}
{"level":"info","message":"deleting","timestamp":"07-07-2023 09:29:20"}
{"level":"info","message":"fetching","timestamp":"07-07-2023 09:29:20"}
{"level":"info","message":"creating","timestamp":"07-07-2023 09:29:21"}
{"level":"info","message":"fetching","timestamp":"07-07-2023 09:29:21"}
{"level":"info","message":"fetching","timestamp":"07-07-2023 09:29:22"}
{"level":"info","message":"fetching","timestamp":"07-07-2023 09:29:34"}
{"level":"info","message":"creating","timestamp":"07-07-2023 09:29:36"}
{"level":"info","message":"fetching","timestamp":"07-07-2023 09:29:36"}
{"level":"info","message":"fetching","timestamp":"07-07-2023 09:29:36"}
{"level":"info","message":"fetching","timestamp":"07-07-2023 09:29:51"}
{"level":"info","message":"creating","timestamp":"07-07-2023 09:29:53"}
{"level":"info","message":"fetching","timestamp":"07-07-2023 09:29:53"}
{"level":"info","message":"fetching","timestamp":"07-07-2023 09:29:53"}
{"body":"\"existing_user's Task old old\"","level":"info","message":"modifying","timestamp":"07-07-2023 09:29:54"}
{"body":"\"existing_user's Task old old\"","level":"info","message":"modifying","timestamp":"07-07-2023 09:29:55"}
{"level":"info","message":"fetching","timestamp":"07-07-2023 09:30:04"}
{"level":"info","message":"creating","timestamp":"07-07-2023 09:30:06"}
{"level":"info","message":"fetching","timestamp":"07-07-2023 09:30:06"}
{"level":"info","message":"fetching","timestamp":"07-07-2023 09:30:06"}
{"level":"info","message":"deleting","timestamp":"07-07-2023 09:30:06"}
{"level":"info","message":"fetching","timestamp":"07-07-2023 09:30:07"}
{"level":"info","message":"creating","timestamp":"07-07-2023 09:30:08"}
{"level":"info","message":"fetching","timestamp":"07-07-2023 09:30:18"}
{"level":"info","message":"creating","timestamp":"07-07-2023 09:30:19"}
{"level":"info","message":"fetching","timestamp":"07-07-2023 09:30:20"}
{"level":"info","message":"creating","timestamp":"07-07-2023 09:30:21"}
{"level":"info","message":"fetching","timestamp":"07-07-2023 09:33:39"}
{"level":"info","message":"creating","timestamp":"07-07-2023 09:33:41"}
{"level":"info","message":"fetching","timestamp":"07-07-2023 09:33:42"}
{"level":"info","message":"fetching","timestamp":"07-07-2023 09:33:42"}
{"body":"\"existing_user's Task\"","level":"info","message":"creating","timestamp":"07-07-2023 09:33:43"}
{"level":"info","message":"deleting","timestamp":"07-07-2023 09:33:43"}
{"level":"info","message":"fetching","timestamp":"07-07-2023 09:33:44"}
{"level":"info","message":"creating","timestamp":"07-07-2023 09:33:45"}
{"level":"info","message":"fetching","timestamp":"07-07-2023 09:33:45"}
{"level":"info","message":"fetching","timestamp":"07-07-2023 09:33:45"}
{"level":"info","message":"fetching","timestamp":"07-07-2023 09:33:57"}
{"level":"info","message":"creating","timestamp":"07-07-2023 09:33:59"}
{"level":"info","message":"fetching","timestamp":"07-07-2023 09:33:59"}
{"level":"info","message":"fetching","timestamp":"07-07-2023 09:33:59"}
{"level":"info","message":"fetching","timestamp":"07-07-2023 09:34:15"}
{"level":"info","message":"creating","timestamp":"07-07-2023 09:34:17"}
{"level":"info","message":"fetching","timestamp":"07-07-2023 09:34:17"}
{"level":"info","message":"fetching","timestamp":"07-07-2023 09:34:18"}
{"body":"\"existing_user's Task old old old\"","level":"info","message":"modifying","timestamp":"07-07-2023 09:34:18"}
{"body":"\"existing_user's Task old old old\"","level":"info","message":"modifying","timestamp":"07-07-2023 09:34:19"}
{"level":"info","message":"fetching","timestamp":"07-07-2023 09:34:37"}
{"level":"info","message":"creating","timestamp":"07-07-2023 09:34:39"}
{"level":"info","message":"fetching","timestamp":"07-07-2023 09:34:39"}
{"level":"info","message":"fetching","timestamp":"07-07-2023 09:34:39"}
{"level":"info","message":"deleting","timestamp":"07-07-2023 09:34:39"}
{"level":"info","message":"fetching","timestamp":"07-07-2023 09:34:40"}
{"level":"info","message":"creating","timestamp":"07-07-2023 09:34:41"}
{"level":"info","message":"fetching","timestamp":"07-07-2023 09:40:39"}
{"level":"info","message":"fetching","timestamp":"10-07-2023 17:13:04"}
{"level":"info","message":"fetching","timestamp":"10-07-2023 21:51:34"}
{"level":"info","message":"fetching","timestamp":"10-07-2023 21:51:39"}
{"level":"info","message":"creating","timestamp":"10-07-2023 21:51:41"}
{"level":"info","message":"fetching","timestamp":"10-07-2023 21:51:41"}
{"level":"info","message":"fetching","timestamp":"10-07-2023 21:51:42"}
{"level":"info","message":"fetching","timestamp":"10-07-2023 21:56:13"}
{"level":"info","message":"fetching","timestamp":"10-07-2023 21:56:17"}
{"level":"info","message":"creating","timestamp":"10-07-2023 21:56:19"}
{"level":"info","message":"fetching","timestamp":"10-07-2023 21:56:20"}
{"level":"info","message":"fetching","timestamp":"10-07-2023 21:56:20"}
{"level":"info","message":"fetching","timestamp":"10-07-2023 22:16:36"}
{"level":"info","message":"fetching","timestamp":"10-07-2023 22:16:39"}
{"level":"info","message":"creating","timestamp":"10-07-2023 22:16:46"}
{"level":"info","message":"fetching","timestamp":"10-07-2023 22:16:47"}
{"level":"info","message":"fetching","timestamp":"10-07-2023 22:16:47"}
{"level":"info","message":"deleting","timestamp":"10-07-2023 22:16:48"}
{"level":"info","message":"fetching","timestamp":"10-07-2023 22:19:06"}
{"level":"info","message":"creating","timestamp":"10-07-2023 22:19:10"}
{"level":"info","message":"fetching","timestamp":"10-07-2023 22:19:11"}
{"level":"info","message":"fetching","timestamp":"10-07-2023 22:19:12"}
{"level":"info","message":"fetching","timestamp":"10-07-2023 22:22:16"}
{"level":"info","message":"fetching","timestamp":"10-07-2023 22:22:20"}
{"level":"info","message":"creating","timestamp":"10-07-2023 22:22:22"}
{"level":"info","message":"fetching","timestamp":"10-07-2023 22:22:22"}
{"level":"info","message":"fetching","timestamp":"10-07-2023 22:22:23"}
{"level":"info","message":"deleting","timestamp":"10-07-2023 22:22:23"}
{"level":"info","message":"fetching","timestamp":"10-07-2023 22:30:31"}
{"level":"info","message":"fetching","timestamp":"10-07-2023 22:31:57"}
{"level":"info","message":"fetching","timestamp":"10-07-2023 22:32:32"}
{"level":"info","message":"creating","timestamp":"10-07-2023 22:32:33"}
{"level":"info","message":"fetching","timestamp":"10-07-2023 22:32:33"}
{"level":"info","message":"fetching","timestamp":"10-07-2023 23:00:03"}
{"level":"info","message":"creating","timestamp":"10-07-2023 23:00:05"}
{"level":"info","message":"fetching","timestamp":"10-07-2023 23:00:05"}
{"level":"info","message":"fetching","timestamp":"10-07-2023 23:06:48"}
{"level":"info","message":"creating","timestamp":"10-07-2023 23:06:50"}
{"level":"info","message":"fetching","timestamp":"10-07-2023 23:06:50"}
{"level":"info","message":"deleting","timestamp":"10-07-2023 23:08:03"}
{"level":"info","message":"fetching","timestamp":"10-07-2023 23:08:04"}
{"level":"info","message":"creating","timestamp":"10-07-2023 23:08:13"}
{"level":"info","message":"fetching","timestamp":"10-07-2023 23:08:15"}
{"level":"info","message":"fetching","timestamp":"10-07-2023 23:13:31"}
{"level":"info","message":"fetching","timestamp":"10-07-2023 23:13:35"}
{"level":"info","message":"creating","timestamp":"10-07-2023 23:13:37"}
{"level":"info","message":"fetching","timestamp":"10-07-2023 23:13:38"}
{"level":"info","message":"fetching","timestamp":"10-07-2023 23:24:04"}
{"level":"info","message":"creating","timestamp":"10-07-2023 23:24:11"}
{"level":"info","message":"fetching","timestamp":"10-07-2023 23:24:11"}
{"level":"info","message":"fetching","timestamp":"11-07-2023 15:54:59"}
{"level":"info","message":"fetching","timestamp":"11-07-2023 15:55:03"}
{"level":"info","message":"creating","timestamp":"11-07-2023 15:55:05"}
{"level":"info","message":"fetching","timestamp":"11-07-2023 15:55:05"}
{"level":"info","message":"fetching","timestamp":"11-07-2023 15:55:06"}
{"level":"info","message":"deleting","timestamp":"11-07-2023 15:55:06"}
{"level":"info","message":"fetching","timestamp":"11-07-2023 15:56:47"}
{"level":"info","message":"creating","timestamp":"11-07-2023 15:56:49"}
{"level":"info","message":"fetching","timestamp":"11-07-2023 15:56:49"}
{"level":"info","message":"creating","timestamp":"11-07-2023 15:56:51"}
{"level":"info","message":"fetching","timestamp":"11-07-2023 15:56:51"}
{"level":"info","message":"fetching","timestamp":"11-07-2023 15:56:51"}
{"level":"info","message":"fetching","timestamp":"11-07-2023 16:15:44"}
{"level":"info","message":"creating","timestamp":"11-07-2023 16:15:46"}
{"level":"info","message":"fetching","timestamp":"11-07-2023 16:15:46"}
{"level":"info","message":"creating","timestamp":"11-07-2023 16:15:48"}
{"level":"info","message":"fetching","timestamp":"11-07-2023 16:15:48"}
{"level":"info","message":"fetching","timestamp":"11-07-2023 16:15:49"}
{"level":"info","message":"fetching","timestamp":"11-07-2023 16:16:08"}
{"level":"info","message":"creating","timestamp":"11-07-2023 16:16:10"}
{"level":"info","message":"fetching","timestamp":"11-07-2023 16:16:10"}
{"level":"info","message":"creating","timestamp":"11-07-2023 16:16:12"}
{"level":"info","message":"fetching","timestamp":"11-07-2023 16:16:12"}
{"level":"info","message":"fetching","timestamp":"11-07-2023 16:16:12"}
{"level":"info","message":"fetching","timestamp":"11-07-2023 16:28:55"}
{"level":"info","message":"creating","timestamp":"11-07-2023 16:28:57"}
{"level":"info","message":"fetching","timestamp":"11-07-2023 16:28:57"}
{"level":"info","message":"fetching","timestamp":"11-07-2023 16:28:58"}
{"level":"info","message":"deleting","timestamp":"11-07-2023 16:28:58"}
{"level":"info","message":"fetching","timestamp":"11-07-2023 16:33:49"}
{"level":"info","message":"creating","timestamp":"11-07-2023 16:33:51"}
{"level":"info","message":"fetching","timestamp":"11-07-2023 16:34:10"}
{"level":"info","message":"creating","timestamp":"11-07-2023 16:34:16"}
{"level":"info","message":"fetching","timestamp":"11-07-2023 16:34:18"}
{"level":"info","message":"fetching","timestamp":"11-07-2023 16:34:24"}
{"level":"info","message":"creating","timestamp":"11-07-2023 16:34:25"}
{"level":"info","message":"fetching","timestamp":"11-07-2023 16:34:26"}
{"level":"info","message":"fetching","timestamp":"11-07-2023 16:34:26"}
{"level":"info","message":"deleting","timestamp":"11-07-2023 16:34:26"}
{"level":"info","message":"fetching","timestamp":"11-07-2023 17:00:57"}
{"level":"info","message":"fetching","timestamp":"11-07-2023 17:01:00"}
{"level":"info","message":"creating","timestamp":"11-07-2023 17:01:02"}
{"level":"info","message":"fetching","timestamp":"11-07-2023 17:01:03"}
{"level":"info","message":"fetching","timestamp":"11-07-2023 17:01:04"}
{"level":"info","message":"deleting","timestamp":"11-07-2023 17:01:04"}
{"level":"info","message":"fetching","timestamp":"11-07-2023 17:08:47"}
{"level":"info","message":"fetching","timestamp":"11-07-2023 17:08:51"}
{"level":"info","message":"creating","timestamp":"11-07-2023 17:08:53"}
{"level":"info","message":"fetching","timestamp":"11-07-2023 17:08:53"}
{"level":"info","message":"fetching","timestamp":"11-07-2023 17:08:54"}
{"level":"info","message":"deleting","timestamp":"11-07-2023 17:08:54"}
{"level":"info","message":"fetching","timestamp":"11-07-2023 17:09:01"}
{"level":"info","message":"creating","timestamp":"11-07-2023 17:09:02"}
{"level":"info","message":"fetching","timestamp":"11-07-2023 17:09:03"}
{"level":"info","message":"creating","timestamp":"11-07-2023 17:09:04"}
{"level":"info","message":"fetching","timestamp":"11-07-2023 17:09:05"}
{"level":"info","message":"fetching","timestamp":"11-07-2023 17:09:05"}
{"level":"info","message":"creating","timestamp":"11-07-2023 17:13:28"}
{"level":"info","message":"fetching","timestamp":"11-07-2023 17:13:30"}
{"level":"info","message":"fetching","timestamp":"11-07-2023 17:13:30"}
{"level":"info","message":"creating","timestamp":"11-07-2023 17:18:19"}
{"level":"info","message":"creating","timestamp":"11-07-2023 17:18:19"}
{"level":"info","message":"fetching","timestamp":"11-07-2023 17:26:30"}
{"level":"info","message":"fetching","timestamp":"11-07-2023 17:26:34"}
{"level":"info","message":"creating","timestamp":"11-07-2023 17:26:35"}
{"level":"info","message":"fetching","timestamp":"11-07-2023 17:26:36"}
{"level":"info","message":"creating","timestamp":"11-07-2023 17:26:37"}
{"level":"info","message":"fetching","timestamp":"11-07-2023 17:26:38"}
{"level":"info","message":"fetching","timestamp":"11-07-2023 17:26:38"}
{"level":"info","message":"creating","timestamp":"11-07-2023 17:27:03"}
{"level":"info","message":"creating","timestamp":"11-07-2023 17:27:03"}
{"level":"info","message":"fetching","timestamp":"11-07-2023 17:32:41"}
{"level":"info","message":"fetching","timestamp":"11-07-2023 17:32:48"}
{"level":"info","message":"creating","timestamp":"11-07-2023 17:32:53"}
{"level":"info","message":"fetching","timestamp":"11-07-2023 17:32:54"}
{"level":"info","message":"fetching","timestamp":"11-07-2023 17:32:54"}
{"level":"info","message":"deleting","timestamp":"11-07-2023 17:32:56"}
{"level":"info","message":"fetching","timestamp":"11-07-2023 17:33:19"}
{"level":"info","message":"creating","timestamp":"11-07-2023 17:33:28"}
{"level":"info","message":"fetching","timestamp":"11-07-2023 17:33:31"}
{"level":"info","message":"fetching","timestamp":"11-07-2023 17:33:35"}
{"level":"info","message":"creating","timestamp":"11-07-2023 17:35:03"}
{"level":"info","message":"creating","timestamp":"11-07-2023 17:35:03"}
{"level":"info","message":"creating","timestamp":"11-07-2023 17:37:14"}
{"level":"info","message":"creating","timestamp":"11-07-2023 17:37:15"}
{"level":"info","message":"creating","timestamp":"11-07-2023 17:37:23"}
{"level":"info","message":"creating","timestamp":"11-07-2023 17:37:23"}
{"level":"info","message":"creating","timestamp":"11-07-2023 17:38:47"}
{"level":"info","message":"creating","timestamp":"11-07-2023 17:38:47"}
{"level":"info","message":"fetching","timestamp":"11-07-2023 17:38:48"}
{"level":"info","message":"fetching","timestamp":"11-07-2023 17:38:48"}
{"level":"info","message":"deleting","timestamp":"11-07-2023 17:39:00"}
{"level":"info","message":"fetching","timestamp":"11-07-2023 17:39:18"}
{"level":"info","message":"creating","timestamp":"11-07-2023 17:39:34"}
{"level":"info","message":"fetching","timestamp":"11-07-2023 17:39:37"}
{"level":"info","message":"fetching","timestamp":"11-07-2023 17:39:41"}
{"body":"\"testikas\"","level":"info","message":"creating","timestamp":"11-07-2023 17:39:48"}
{"level":"info","message":"creating","timestamp":"11-07-2023 17:39:59"}
{"level":"info","message":"creating","timestamp":"11-07-2023 17:39:59"}
{"level":"info","message":"fetching","timestamp":"11-07-2023 17:39:59"}
{"level":"info","message":"fetching","timestamp":"11-07-2023 17:40:00"}
{"level":"info","message":"creating","timestamp":"11-07-2023 17:41:03"}
{"level":"info","message":"creating","timestamp":"11-07-2023 17:41:03"}
{"level":"info","message":"creating","timestamp":"11-07-2023 18:18:45"}
{"level":"info","message":"creating","timestamp":"11-07-2023 18:18:45"}
{"level":"info","message":"fetching","timestamp":"11-07-2023 18:18:45"}
{"level":"info","message":"fetching","timestamp":"11-07-2023 18:18:46"}
{"level":"info","message":"creating","timestamp":"11-07-2023 18:19:20"}
{"level":"info","message":"creating","timestamp":"11-07-2023 18:19:20"}
{"level":"info","message":"fetching","timestamp":"11-07-2023 18:19:20"}
{"level":"info","message":"fetching","timestamp":"11-07-2023 18:19:21"}
{"body":"\"New task\"","level":"info","message":"creating","timestamp":"11-07-2023 18:19:21"}
{"level":"info","message":"fetching","timestamp":"11-07-2023 18:19:38"}
{"level":"info","message":"fetching","timestamp":"11-07-2023 18:19:42"}
{"level":"info","message":"creating","timestamp":"11-07-2023 18:21:47"}
{"level":"info","message":"creating","timestamp":"11-07-2023 18:21:47"}
{"level":"info","message":"fetching","timestamp":"11-07-2023 18:21:47"}
{"level":"info","message":"fetching","timestamp":"11-07-2023 18:21:48"}
{"body":"\"zl3opqhtkyd\"","level":"info","message":"creating","timestamp":"11-07-2023 18:21:48"}
{"level":"info","message":"creating","timestamp":"11-07-2023 18:24:14"}
{"level":"info","message":"creating","timestamp":"11-07-2023 18:24:14"}
{"level":"info","message":"fetching","timestamp":"11-07-2023 18:24:14"}
{"level":"info","message":"fetching","timestamp":"11-07-2023 18:24:15"}
{"body":"\"6cawdxob5b3\"","level":"info","message":"creating","timestamp":"11-07-2023 18:24:15"}
{"level":"info","message":"creating","timestamp":"11-07-2023 22:00:05"}
{"level":"info","message":"creating","timestamp":"11-07-2023 22:00:12"}
{"level":"info","message":"fetching","timestamp":"11-07-2023 22:00:13"}
{"level":"info","message":"creating","timestamp":"11-07-2023 22:00:39"}
{"level":"info","message":"creating","timestamp":"11-07-2023 22:00:40"}
{"level":"info","message":"fetching","timestamp":"11-07-2023 22:00:40"}
{"level":"info","message":"fetching","timestamp":"11-07-2023 22:00:40"}
{"body":"\"wfq9lxta7t\"","level":"info","message":"creating","timestamp":"11-07-2023 22:00:41"}
{"level":"info","message":"fetching","timestamp":"11-07-2023 22:03:30"}
{"level":"info","message":"creating","timestamp":"11-07-2023 22:03:31"}
{"level":"info","message":"fetching","timestamp":"11-07-2023 22:03:32"}
{"level":"info","message":"fetching","timestamp":"11-07-2023 22:03:32"}
{"level":"info","message":"deleting","timestamp":"11-07-2023 22:03:32"}
{"level":"info","message":"creating","timestamp":"11-07-2023 22:03:48"}
{"level":"info","message":"creating","timestamp":"11-07-2023 22:03:49"}
{"level":"info","message":"fetching","timestamp":"11-07-2023 22:03:49"}
{"level":"info","message":"fetching","timestamp":"11-07-2023 22:03:49"}
{"body":"\"ca2b6r2z8v4\"","level":"info","message":"creating","timestamp":"11-07-2023 22:03:50"}
{"level":"info","message":"creating","timestamp":"11-07-2023 22:05:01"}
{"level":"info","message":"creating","timestamp":"11-07-2023 22:05:02"}
{"level":"info","message":"fetching","timestamp":"11-07-2023 22:05:02"}
{"level":"info","message":"fetching","timestamp":"11-07-2023 22:05:02"}
{"body":"\"m0h05ovfek\"","level":"info","message":"creating","timestamp":"11-07-2023 22:05:03"}
{"level":"info","message":"fetching","timestamp":"11-07-2023 22:05:11"}
{"level":"info","message":"creating","timestamp":"11-07-2023 22:05:13"}
{"level":"info","message":"fetching","timestamp":"11-07-2023 22:05:13"}
{"level":"info","message":"fetching","timestamp":"11-07-2023 22:05:13"}
{"level":"info","message":"deleting","timestamp":"11-07-2023 22:05:13"}
{"level":"info","message":"fetching","timestamp":"11-07-2023 22:14:08"}
{"level":"info","message":"fetching","timestamp":"11-07-2023 22:14:14"}
{"level":"info","message":"fetching","timestamp":"11-07-2023 22:14:23"}
{"level":"info","message":"fetching","timestamp":"11-07-2023 22:14:28"}
{"level":"info","message":"deleting","timestamp":"11-07-2023 22:15:47"}
{"level":"info","message":"creating","timestamp":"11-07-2023 22:16:46"}
{"level":"info","message":"creating","timestamp":"11-07-2023 22:16:46"}
{"level":"info","message":"fetching","timestamp":"11-07-2023 22:16:46"}
{"level":"info","message":"fetching","timestamp":"11-07-2023 22:16:47"}
{"level":"info","message":"fetching","timestamp":"11-07-2023 22:27:49"}
{"level":"info","message":"creating","timestamp":"11-07-2023 22:34:25"}
{"level":"info","message":"creating","timestamp":"11-07-2023 22:34:25"}
{"level":"info","message":"fetching","timestamp":"11-07-2023 22:34:25"}
{"level":"info","message":"fetching","timestamp":"11-07-2023 22:34:26"}
{"level":"info","message":"deleting","timestamp":"11-07-2023 22:34:26"}
{"level":"info","message":"creating","timestamp":"11-07-2023 22:37:43"}
{"level":"info","message":"creating","timestamp":"11-07-2023 22:37:43"}
{"level":"info","message":"fetching","timestamp":"11-07-2023 22:37:43"}
{"level":"info","message":"fetching","timestamp":"11-07-2023 22:37:44"}
{"level":"info","message":"deleting","timestamp":"11-07-2023 22:37:44"}
{"level":"info","message":"creating","timestamp":"11-07-2023 22:37:59"}
{"level":"info","message":"creating","timestamp":"11-07-2023 22:37:59"}
{"level":"info","message":"fetching","timestamp":"11-07-2023 22:37:59"}
{"level":"info","message":"fetching","timestamp":"11-07-2023 22:38:00"}
{"level":"info","message":"deleting","timestamp":"11-07-2023 22:38:00"}
{"level":"info","message":"creating","timestamp":"11-07-2023 22:38:20"}
{"level":"info","message":"creating","timestamp":"11-07-2023 22:38:20"}
{"level":"info","message":"fetching","timestamp":"11-07-2023 22:38:20"}
{"level":"info","message":"fetching","timestamp":"11-07-2023 22:38:20"}
{"level":"info","message":"deleting","timestamp":"11-07-2023 22:38:20"}
{"level":"info","message":"fetching","timestamp":"11-07-2023 22:56:04"}
{"level":"info","message":"fetching","timestamp":"11-07-2023 22:56:07"}
{"level":"info","message":"creating","timestamp":"11-07-2023 22:56:09"}
{"level":"info","message":"fetching","timestamp":"11-07-2023 22:56:10"}
{"level":"info","message":"fetching","timestamp":"11-07-2023 22:56:10"}
{"level":"info","message":"deleting","timestamp":"11-07-2023 22:56:10"}
{"level":"info","message":"creating","timestamp":"11-07-2023 22:56:39"}
{"level":"info","message":"creating","timestamp":"11-07-2023 22:56:39"}
{"level":"info","message":"fetching","timestamp":"11-07-2023 22:56:39"}
{"level":"info","message":"fetching","timestamp":"11-07-2023 22:56:40"}
{"level":"info","message":"deleting","timestamp":"11-07-2023 22:56:40"}
{"level":"info","message":"creating","timestamp":"11-07-2023 22:58:20"}
{"level":"info","message":"creating","timestamp":"11-07-2023 22:58:20"}
{"level":"info","message":"fetching","timestamp":"11-07-2023 22:58:20"}
{"level":"info","message":"fetching","timestamp":"11-07-2023 22:58:21"}
{"level":"info","message":"deleting","timestamp":"11-07-2023 22:58:21"}
{"level":"info","message":"creating","timestamp":"11-07-2023 23:15:04"}
{"level":"info","message":"creating","timestamp":"11-07-2023 23:15:05"}
{"level":"info","message":"fetching","timestamp":"11-07-2023 23:15:05"}
{"level":"info","message":"fetching","timestamp":"11-07-2023 23:15:05"}
{"level":"info","message":"creating","timestamp":"11-07-2023 23:15:20"}
{"level":"info","message":"creating","timestamp":"11-07-2023 23:15:20"}
{"level":"info","message":"fetching","timestamp":"11-07-2023 23:15:20"}
{"level":"info","message":"fetching","timestamp":"11-07-2023 23:15:20"}
{"body":"\"0h4s45mjtlh\"","level":"info","message":"creating","timestamp":"11-07-2023 23:15:21"}
{"level":"info","message":"creating","timestamp":"11-07-2023 23:15:23"}
{"level":"info","message":"creating","timestamp":"11-07-2023 23:15:23"}
{"level":"info","message":"fetching","timestamp":"11-07-2023 23:15:23"}
{"level":"info","message":"fetching","timestamp":"11-07-2023 23:15:24"}
{"body":"\"lds0tho17x9\"","level":"info","message":"creating","timestamp":"11-07-2023 23:15:24"}
{"level":"info","message":"creating","timestamp":"11-07-2023 23:15:26"}
{"level":"info","message":"creating","timestamp":"11-07-2023 23:15:26"}
{"level":"info","message":"fetching","timestamp":"11-07-2023 23:15:27"}
{"level":"info","message":"fetching","timestamp":"11-07-2023 23:15:27"}
{"body":"\"czhhyvuwk46\"","level":"info","message":"creating","timestamp":"11-07-2023 23:15:27"}
{"level":"info","message":"creating","timestamp":"11-07-2023 23:15:29"}
{"level":"info","message":"creating","timestamp":"11-07-2023 23:15:30"}
{"level":"info","message":"fetching","timestamp":"11-07-2023 23:15:30"}
{"level":"info","message":"fetching","timestamp":"11-07-2023 23:15:31"}
{"body":"\"7rawxdyt8i3\"","level":"info","message":"creating","timestamp":"11-07-2023 23:15:31"}
{"level":"info","message":"creating","timestamp":"11-07-2023 23:15:34"}
{"level":"info","message":"creating","timestamp":"11-07-2023 23:15:34"}
{"level":"info","message":"fetching","timestamp":"11-07-2023 23:15:34"}
{"level":"info","message":"fetching","timestamp":"11-07-2023 23:15:34"}
{"body":"\"i8rskxzrakp\"","level":"info","message":"creating","timestamp":"11-07-2023 23:15:35"}
{"level":"info","message":"creating","timestamp":"11-07-2023 23:15:37"}
{"level":"info","message":"creating","timestamp":"11-07-2023 23:15:37"}
{"level":"info","message":"fetching","timestamp":"11-07-2023 23:15:37"}
{"level":"info","message":"fetching","timestamp":"11-07-2023 23:15:38"}
{"body":"\"w1i9kkrc6n8\"","level":"info","message":"creating","timestamp":"11-07-2023 23:15:38"}
{"level":"info","message":"creating","timestamp":"11-07-2023 23:15:43"}
{"level":"info","message":"creating","timestamp":"11-07-2023 23:15:43"}
{"level":"info","message":"fetching","timestamp":"11-07-2023 23:15:43"}
{"level":"info","message":"fetching","timestamp":"11-07-2023 23:15:43"}
{"level":"info","message":"deleting","timestamp":"11-07-2023 23:15:44"}
{"level":"info","message":"creating","timestamp":"11-07-2023 23:17:37"}
{"level":"info","message":"creating","timestamp":"11-07-2023 23:17:37"}
{"level":"info","message":"fetching","timestamp":"11-07-2023 23:17:37"}
{"level":"info","message":"creating","timestamp":"11-07-2023 23:17:41"}
{"level":"info","message":"creating","timestamp":"11-07-2023 23:17:41"}
{"level":"info","message":"fetching","timestamp":"11-07-2023 23:17:42"}
{"level":"info","message":"fetching","timestamp":"11-07-2023 23:17:42"}
{"level":"info","message":"deleting","timestamp":"11-07-2023 23:17:43"}
{"level":"info","message":"creating","timestamp":"11-07-2023 23:17:51"}
{"level":"info","message":"creating","timestamp":"11-07-2023 23:17:51"}
{"level":"info","message":"fetching","timestamp":"11-07-2023 23:17:51"}
{"level":"info","message":"fetching","timestamp":"11-07-2023 23:17:52"}
{"level":"info","message":"deleting","timestamp":"11-07-2023 23:17:52"}
{"level":"info","message":"creating","timestamp":"11-07-2023 23:22:42"}
{"level":"info","message":"creating","timestamp":"11-07-2023 23:22:43"}
{"level":"info","message":"fetching","timestamp":"11-07-2023 23:22:43"}
{"level":"info","message":"fetching","timestamp":"11-07-2023 23:22:43"}
{"level":"info","message":"deleting","timestamp":"11-07-2023 23:22:44"}
{"level":"info","message":"creating","timestamp":"11-07-2023 23:23:46"}
{"level":"info","message":"creating","timestamp":"11-07-2023 23:23:46"}
{"level":"info","message":"fetching","timestamp":"11-07-2023 23:23:46"}
{"level":"info","message":"fetching","timestamp":"11-07-2023 23:23:47"}
{"level":"info","message":"creating","timestamp":"11-07-2023 23:25:26"}
{"level":"info","message":"creating","timestamp":"11-07-2023 23:25:26"}
{"level":"info","message":"fetching","timestamp":"11-07-2023 23:25:26"}
{"level":"info","message":"fetching","timestamp":"11-07-2023 23:25:27"}
{"level":"info","message":"deleting","timestamp":"11-07-2023 23:25:27"}
{"level":"info","message":"creating","timestamp":"11-07-2023 23:26:09"}
{"level":"info","message":"creating","timestamp":"11-07-2023 23:26:09"}
{"level":"info","message":"fetching","timestamp":"11-07-2023 23:26:10"}
{"level":"info","message":"fetching","timestamp":"11-07-2023 23:26:10"}
{"level":"info","message":"creating","timestamp":"11-07-2023 23:27:20"}
{"level":"info","message":"creating","timestamp":"11-07-2023 23:27:20"}
{"level":"info","message":"fetching","timestamp":"11-07-2023 23:27:20"}
{"level":"info","message":"fetching","timestamp":"11-07-2023 23:27:21"}
{"level":"info","message":"creating","timestamp":"11-07-2023 23:29:04"}
{"level":"info","message":"creating","timestamp":"11-07-2023 23:29:05"}
{"level":"info","message":"fetching","timestamp":"11-07-2023 23:29:05"}
{"level":"info","message":"fetching","timestamp":"11-07-2023 23:29:05"}
{"body":"\"4qnjdm6le5k\"","level":"info","message":"creating","timestamp":"11-07-2023 23:29:06"}
{"level":"info","message":"creating","timestamp":"11-07-2023 23:29:46"}
{"level":"info","message":"creating","timestamp":"11-07-2023 23:29:47"}
{"level":"info","message":"fetching","timestamp":"11-07-2023 23:29:47"}
{"level":"info","message":"fetching","timestamp":"11-07-2023 23:29:47"}
{"body":"\"df31b3i9ceo\"","level":"info","message":"creating","timestamp":"11-07-2023 23:29:48"}
{"level":"info","message":"creating","timestamp":"11-07-2023 23:29:57"}
{"level":"info","message":"creating","timestamp":"11-07-2023 23:29:57"}
{"level":"info","message":"fetching","timestamp":"11-07-2023 23:29:57"}
{"level":"info","message":"fetching","timestamp":"11-07-2023 23:29:58"}
{"body":"\"335ltsm72p9\"","level":"info","message":"creating","timestamp":"11-07-2023 23:29:59"}
{"level":"info","message":"creating","timestamp":"11-07-2023 23:30:01"}
{"level":"info","message":"creating","timestamp":"11-07-2023 23:30:01"}
{"level":"info","message":"fetching","timestamp":"11-07-2023 23:30:01"}
{"level":"info","message":"fetching","timestamp":"11-07-2023 23:30:02"}
{"body":"\"myf5a6wuljg\"","level":"info","message":"creating","timestamp":"11-07-2023 23:30:03"}
{"level":"info","message":"creating","timestamp":"11-07-2023 23:30:06"}
{"level":"info","message":"creating","timestamp":"11-07-2023 23:30:06"}
{"level":"info","message":"fetching","timestamp":"11-07-2023 23:30:06"}
{"level":"info","message":"fetching","timestamp":"11-07-2023 23:30:06"}
{"body":"\"2nyx970h3fp\"","level":"info","message":"creating","timestamp":"11-07-2023 23:30:07"}
{"level":"info","message":"creating","timestamp":"11-07-2023 23:30:11"}
{"level":"info","message":"creating","timestamp":"11-07-2023 23:30:11"}
{"level":"info","message":"fetching","timestamp":"11-07-2023 23:30:11"}
{"level":"info","message":"fetching","timestamp":"11-07-2023 23:30:12"}
{"body":"\"t1c44ro2sy\"","level":"info","message":"creating","timestamp":"11-07-2023 23:30:13"}
{"level":"info","message":"creating","timestamp":"11-07-2023 23:30:14"}
{"level":"info","message":"creating","timestamp":"11-07-2023 23:30:14"}
{"level":"info","message":"fetching","timestamp":"11-07-2023 23:30:15"}
{"level":"info","message":"fetching","timestamp":"11-07-2023 23:30:15"}
{"body":"\"p8jipp9oxqr\"","level":"info","message":"creating","timestamp":"11-07-2023 23:30:16"}
{"level":"info","message":"creating","timestamp":"11-07-2023 23:30:19"}
{"level":"info","message":"creating","timestamp":"11-07-2023 23:30:19"}
{"level":"info","message":"fetching","timestamp":"11-07-2023 23:30:19"}
{"level":"info","message":"fetching","timestamp":"11-07-2023 23:30:19"}
{"body":"\"pzaxaxp65yn\"","level":"info","message":"creating","timestamp":"11-07-2023 23:30:20"}
{"level":"info","message":"creating","timestamp":"11-07-2023 23:30:24"}
{"level":"info","message":"creating","timestamp":"11-07-2023 23:30:24"}
{"level":"info","message":"fetching","timestamp":"11-07-2023 23:30:25"}
{"level":"info","message":"fetching","timestamp":"11-07-2023 23:30:25"}
{"body":"\"aviwebpfmam\"","level":"info","message":"creating","timestamp":"11-07-2023 23:30:26"}
{"level":"info","message":"creating","timestamp":"11-07-2023 23:30:35"}
{"level":"info","message":"creating","timestamp":"11-07-2023 23:30:35"}
{"level":"info","message":"fetching","timestamp":"11-07-2023 23:30:35"}
{"level":"info","message":"fetching","timestamp":"11-07-2023 23:30:36"}
{"level":"info","message":"creating","timestamp":"11-07-2023 23:34:26"}
{"level":"info","message":"creating","timestamp":"11-07-2023 23:34:26"}
{"level":"info","message":"fetching","timestamp":"11-07-2023 23:34:26"}
{"level":"info","message":"fetching","timestamp":"11-07-2023 23:34:27"}
{"level":"info","message":"fetching","timestamp":"11-07-2023 23:35:56"}
{"level":"info","message":"creating","timestamp":"11-07-2023 23:36:00"}
{"level":"info","message":"fetching","timestamp":"11-07-2023 23:36:02"}
{"level":"info","message":"fetching","timestamp":"11-07-2023 23:36:02"}
{"level":"info","message":"creating","timestamp":"11-07-2023 23:40:31"}
{"level":"info","message":"creating","timestamp":"11-07-2023 23:40:31"}
{"level":"info","message":"fetching","timestamp":"11-07-2023 23:40:31"}
{"level":"info","message":"fetching","timestamp":"11-07-2023 23:40:32"}
{"level":"info","message":"deleting","timestamp":"11-07-2023 23:40:32"}
{"level":"info","message":"creating","timestamp":"11-07-2023 23:41:43"}
{"level":"info","message":"creating","timestamp":"11-07-2023 23:41:43"}
{"level":"info","message":"fetching","timestamp":"11-07-2023 23:41:43"}
{"level":"info","message":"fetching","timestamp":"11-07-2023 23:41:44"}
{"level":"info","message":"deleting","timestamp":"11-07-2023 23:41:44"}
{"level":"info","message":"creating","timestamp":"12-07-2023 14:12:54"}
{"level":"info","message":"creating","timestamp":"12-07-2023 14:12:54"}
{"level":"info","message":"fetching","timestamp":"12-07-2023 14:12:55"}
{"level":"info","message":"creating","timestamp":"12-07-2023 14:15:52"}
{"level":"info","message":"creating","timestamp":"12-07-2023 14:15:52"}
{"level":"info","message":"fetching","timestamp":"12-07-2023 14:15:52"}
{"level":"info","message":"fetching","timestamp":"12-07-2023 14:16:04"}
{"level":"info","message":"deleting","timestamp":"12-07-2023 14:16:04"}
{"level":"info","message":"creating","timestamp":"12-07-2023 14:17:53"}
{"level":"info","message":"creating","timestamp":"12-07-2023 14:17:54"}
{"level":"info","message":"fetching","timestamp":"12-07-2023 14:17:54"}
{"level":"info","message":"creating","timestamp":"12-07-2023 14:17:59"}
{"level":"info","message":"creating","timestamp":"12-07-2023 14:17:59"}
{"level":"info","message":"fetching","timestamp":"12-07-2023 14:17:59"}
{"level":"info","message":"fetching","timestamp":"12-07-2023 14:18:00"}
{"body":"\"5wrrla5xcti\"","level":"info","message":"creating","timestamp":"12-07-2023 14:18:01"}
{"level":"info","message":"creating","timestamp":"12-07-2023 14:18:15"}
{"level":"info","message":"creating","timestamp":"12-07-2023 14:18:15"}
{"level":"info","message":"fetching","timestamp":"12-07-2023 14:18:15"}
{"level":"info","message":"fetching","timestamp":"12-07-2023 14:18:16"}
{"level":"info","message":"deleting","timestamp":"12-07-2023 14:18:16"}
{"level":"info","message":"creating","timestamp":"12-07-2023 14:29:18"}
{"level":"info","message":"creating","timestamp":"12-07-2023 14:29:18"}
{"level":"info","message":"fetching","timestamp":"12-07-2023 14:29:18"}
{"level":"info","message":"fetching","timestamp":"12-07-2023 14:29:30"}
{"level":"info","message":"deleting","timestamp":"12-07-2023 14:29:30"}
{"level":"info","message":"fetching","timestamp":"12-07-2023 14:55:31"}
{"level":"info","message":"creating","timestamp":"12-07-2023 14:55:33"}
{"level":"info","message":"fetching","timestamp":"12-07-2023 14:55:34"}
{"level":"info","message":"fetching","timestamp":"12-07-2023 14:55:34"}
{"level":"info","message":"deleting","timestamp":"12-07-2023 14:55:34"}
{"level":"info","message":"fetching","timestamp":"12-07-2023 14:55:48"}
{"level":"info","message":"creating","timestamp":"12-07-2023 14:55:50"}
{"level":"info","message":"fetching","timestamp":"12-07-2023 14:55:50"}
{"level":"info","message":"creating","timestamp":"12-07-2023 14:55:52"}
{"level":"info","message":"fetching","timestamp":"12-07-2023 14:55:52"}
{"level":"info","message":"fetching","timestamp":"12-07-2023 14:55:52"}
{"level":"info","message":"fetching","timestamp":"12-07-2023 15:59:52"}
{"level":"info","message":"creating","timestamp":"12-07-2023 15:59:54"}
{"level":"info","message":"fetching","timestamp":"12-07-2023 15:59:54"}
{"level":"info","message":"fetching","timestamp":"12-07-2023 15:59:55"}
{"level":"info","message":"deleting","timestamp":"12-07-2023 15:59:55"}
{"level":"info","message":"creating","timestamp":"12-07-2023 16:00:05"}
{"level":"info","message":"creating","timestamp":"12-07-2023 16:00:05"}
{"level":"info","message":"fetching","timestamp":"12-07-2023 16:00:05"}
{"level":"info","message":"fetching","timestamp":"12-07-2023 16:00:05"}
{"body":"\"f44su38n1qs\"","level":"info","message":"creating","timestamp":"12-07-2023 16:00:06"}
{"level":"info","message":"creating","timestamp":"12-07-2023 16:00:12"}
{"level":"info","message":"creating","timestamp":"12-07-2023 16:00:13"}
{"level":"info","message":"fetching","timestamp":"12-07-2023 16:00:13"}
{"level":"info","message":"fetching","timestamp":"12-07-2023 16:00:13"}
{"level":"info","message":"deleting","timestamp":"12-07-2023 16:00:14"}
{"level":"info","message":"creating","timestamp":"12-07-2023 16:00:35"}
{"level":"info","message":"creating","timestamp":"12-07-2023 16:00:35"}
{"level":"info","message":"fetching","timestamp":"12-07-2023 16:00:35"}
{"level":"info","message":"fetching","timestamp":"12-07-2023 16:00:36"}
{"level":"info","message":"deleting","timestamp":"12-07-2023 16:00:36"}
{"level":"info","message":"creating","timestamp":"12-07-2023 16:01:45"}
{"level":"info","message":"creating","timestamp":"12-07-2023 16:01:45"}
{"level":"info","message":"fetching","timestamp":"12-07-2023 16:01:46"}
{"level":"info","message":"creating","timestamp":"12-07-2023 16:01:50"}
{"level":"info","message":"creating","timestamp":"12-07-2023 16:01:50"}
{"level":"info","message":"fetching","timestamp":"12-07-2023 16:01:50"}
{"level":"info","message":"fetching","timestamp":"12-07-2023 16:01:51"}
{"level":"info","message":"deleting","timestamp":"12-07-2023 16:01:51"}
{"level":"info","message":"creating","timestamp":"12-07-2023 16:03:25"}
{"level":"info","message":"creating","timestamp":"12-07-2023 16:03:25"}
{"level":"info","message":"fetching","timestamp":"12-07-2023 16:03:25"}
{"level":"info","message":"fetching","timestamp":"12-07-2023 16:03:26"}
{"body":"\"c4ld5ttcvht\"","level":"info","message":"creating","timestamp":"12-07-2023 16:03:27"}
{"level":"info","message":"fetching","timestamp":"12-07-2023 16:03:33"}
{"level":"info","message":"creating","timestamp":"12-07-2023 16:03:35"}
{"level":"info","message":"fetching","timestamp":"12-07-2023 16:03:35"}
{"level":"info","message":"fetching","timestamp":"12-07-2023 16:03:36"}
{"level":"info","message":"deleting","timestamp":"12-07-2023 16:03:36"}
{"level":"info","message":"fetching","timestamp":"12-07-2023 16:03:42"}
{"level":"info","message":"creating","timestamp":"12-07-2023 16:03:44"}
{"level":"info","message":"fetching","timestamp":"12-07-2023 16:03:44"}
{"level":"info","message":"creating","timestamp":"12-07-2023 16:03:46"}
{"level":"info","message":"fetching","timestamp":"12-07-2023 16:03:46"}
{"level":"info","message":"fetching","timestamp":"12-07-2023 16:03:47"}
{"level":"info","message":"creating","timestamp":"12-07-2023 16:03:54"}
{"level":"info","message":"creating","timestamp":"12-07-2023 16:03:54"}
{"level":"info","message":"fetching","timestamp":"12-07-2023 16:03:54"}
{"level":"info","message":"fetching","timestamp":"12-07-2023 16:03:55"}
{"level":"info","message":"deleting","timestamp":"12-07-2023 16:03:55"}
{"level":"info","message":"fetching","timestamp":"12-07-2023 16:20:53"}
{"level":"info","message":"creating","timestamp":"12-07-2023 16:21:02"}
{"level":"info","message":"fetching","timestamp":"12-07-2023 16:21:03"}
{"level":"info","message":"fetching","timestamp":"12-07-2023 16:21:04"}
{"level":"info","message":"fetching","timestamp":"12-07-2023 16:22:13"}
{"level":"info","message":"creating","timestamp":"12-07-2023 16:22:18"}
{"level":"info","message":"fetching","timestamp":"12-07-2023 16:22:19"}
{"level":"info","message":"fetching","timestamp":"12-07-2023 16:22:19"}
{"body":"\"njdw\"","level":"info","message":"creating","timestamp":"12-07-2023 16:22:22"}
{"body":"\"new taks\"","level":"info","message":"creating","timestamp":"12-07-2023 16:22:29"}
{"level":"info","message":"deleting","timestamp":"12-07-2023 16:22:31"}
{"level":"info","message":"deleting","timestamp":"12-07-2023 16:22:34"}
{"level":"info","message":"deleting","timestamp":"12-07-2023 16:22:38"}
{"body":"\"new task232\"","level":"info","message":"modifying","timestamp":"12-07-2023 16:22:43"}
{"level":"info","message":"deleting","timestamp":"12-07-2023 16:22:48"}
{"level":"info","message":"deleting","timestamp":"12-07-2023 16:22:49"}
{"level":"info","message":"deleting","timestamp":"12-07-2023 16:22:52"}
{"level":"info","message":"deleting","timestamp":"12-07-2023 16:23:20"}
{"level":"info","message":"deleting","timestamp":"12-07-2023 16:23:23"}
{"level":"info","message":"creating","timestamp":"12-07-2023 16:23:40"}
{"level":"info","message":"creating","timestamp":"12-07-2023 16:23:40"}
{"level":"info","message":"fetching","timestamp":"12-07-2023 16:23:40"}
{"level":"info","message":"fetching","timestamp":"12-07-2023 16:23:41"}
{"level":"info","message":"deleting","timestamp":"12-07-2023 16:23:41"}
{"level":"info","message":"creating","timestamp":"12-07-2023 16:23:52"}
{"level":"info","message":"creating","timestamp":"12-07-2023 16:23:52"}
{"level":"info","message":"fetching","timestamp":"12-07-2023 16:23:52"}
{"level":"info","message":"fetching","timestamp":"12-07-2023 16:23:53"}
{"body":"\"b2b7ffjji6k\"","level":"info","message":"creating","timestamp":"12-07-2023 16:23:53"}
{"level":"info","message":"creating","timestamp":"12-07-2023 16:24:00"}
{"level":"info","message":"creating","timestamp":"12-07-2023 16:24:00"}
{"level":"info","message":"fetching","timestamp":"12-07-2023 16:24:00"}
{"level":"info","message":"fetching","timestamp":"12-07-2023 16:24:01"}
{"body":"\"150zfc4vmo2\"","level":"info","message":"creating","timestamp":"12-07-2023 16:24:02"}
{"level":"info","message":"creating","timestamp":"12-07-2023 16:24:05"}
{"level":"info","message":"creating","timestamp":"12-07-2023 16:24:05"}
{"level":"info","message":"fetching","timestamp":"12-07-2023 16:24:06"}
{"level":"info","message":"fetching","timestamp":"12-07-2023 16:24:06"}
{"body":"\"a8bkbjd7d7c\"","level":"info","message":"creating","timestamp":"12-07-2023 16:24:07"}
{"level":"info","message":"creating","timestamp":"12-07-2023 16:24:18"}
{"level":"info","message":"creating","timestamp":"12-07-2023 16:24:18"}
{"level":"info","message":"fetching","timestamp":"12-07-2023 16:24:19"}
{"level":"info","message":"fetching","timestamp":"12-07-2023 16:24:19"}
{"body":"\"rl6t66np98j\"","level":"info","message":"creating","timestamp":"12-07-2023 16:24:20"}
{"level":"info","message":"fetching","timestamp":"12-07-2023 16:24:32"}
{"level":"info","message":"creating","timestamp":"12-07-2023 16:24:33"}
{"level":"info","message":"fetching","timestamp":"12-07-2023 16:24:33"}
{"level":"info","message":"fetching","timestamp":"12-07-2023 16:24:34"}
{"level":"info","message":"deleting","timestamp":"12-07-2023 16:24:34"}
{"level":"info","message":"fetching","timestamp":"12-07-2023 16:24:43"}
{"level":"info","message":"creating","timestamp":"12-07-2023 16:24:45"}
{"level":"info","message":"fetching","timestamp":"12-07-2023 16:24:45"}
{"level":"info","message":"creating","timestamp":"12-07-2023 16:24:47"}
{"level":"info","message":"fetching","timestamp":"12-07-2023 16:24:47"}
{"level":"info","message":"fetching","timestamp":"12-07-2023 16:24:48"}
{"level":"info","message":"creating","timestamp":"12-07-2023 16:24:55"}
{"level":"info","message":"creating","timestamp":"12-07-2023 16:24:55"}
{"level":"info","message":"fetching","timestamp":"12-07-2023 16:24:55"}
{"level":"info","message":"fetching","timestamp":"12-07-2023 16:24:55"}
{"level":"info","message":"deleting","timestamp":"12-07-2023 16:24:56"}
{"level":"info","message":"creating","timestamp":"12-07-2023 16:47:55"}
{"level":"info","message":"creating","timestamp":"12-07-2023 16:47:55"}
{"level":"info","message":"fetching","timestamp":"12-07-2023 16:47:56"}
{"level":"info","message":"fetching","timestamp":"12-07-2023 16:47:56"}
{"body":"\"b2b7ffjji6kUpdated task description\"","level":"info","message":"modifying","timestamp":"12-07-2023 16:47:57"}
{"level":"info","message":"creating","timestamp":"12-07-2023 16:49:03"}
{"level":"info","message":"creating","timestamp":"12-07-2023 16:49:04"}
{"level":"info","message":"fetching","timestamp":"12-07-2023 16:49:04"}
{"level":"info","message":"fetching","timestamp":"12-07-2023 16:49:05"}
{"body":"\"rl6t66np98jUpdated task description\"","level":"info","message":"modifying","timestamp":"12-07-2023 16:49:06"}
{"level":"info","message":"creating","timestamp":"12-07-2023 16:49:53"}
{"level":"info","message":"creating","timestamp":"12-07-2023 16:49:53"}
{"level":"info","message":"fetching","timestamp":"12-07-2023 16:49:53"}
{"level":"info","message":"fetching","timestamp":"12-07-2023 16:49:54"}
{"level":"info","message":"deleting","timestamp":"12-07-2023 16:49:54"}
{"level":"info","message":"creating","timestamp":"12-07-2023 17:28:15"}
{"level":"info","message":"creating","timestamp":"12-07-2023 17:28:16"}
{"level":"info","message":"fetching","timestamp":"12-07-2023 17:28:16"}
{"level":"info","message":"fetching","timestamp":"12-07-2023 17:28:18"}
{"level":"info","message":"deleting","timestamp":"12-07-2023 17:28:19"}
{"level":"info","message":"fetching","timestamp":"12-07-2023 17:44:56"}
{"level":"info","message":"creating","timestamp":"12-07-2023 17:45:01"}
{"level":"info","message":"fetching","timestamp":"12-07-2023 17:45:01"}
{"level":"info","message":"fetching","timestamp":"12-07-2023 17:45:02"}
{"level":"info","message":"deleting","timestamp":"12-07-2023 17:45:14"}
{"level":"info","message":"deleting","timestamp":"12-07-2023 17:45:16"}
{"body":"\"qq\"","level":"info","message":"creating","timestamp":"12-07-2023 17:45:19"}
{"level":"info","message":"creating","timestamp":"12-07-2023 18:18:23"}
{"level":"info","message":"creating","timestamp":"12-07-2023 18:18:23"}
{"level":"info","message":"fetching","timestamp":"12-07-2023 18:18:23"}
{"level":"info","message":"fetching","timestamp":"12-07-2023 18:18:24"}
{"body":"\"150zfc4vmo2\"","level":"info","message":"modifying","timestamp":"12-07-2023 18:18:24"}
{"level":"info","message":"creating","timestamp":"12-07-2023 18:22:20"}
{"level":"info","message":"creating","timestamp":"12-07-2023 18:22:21"}
{"level":"info","message":"fetching","timestamp":"12-07-2023 18:22:21"}
{"level":"info","message":"fetching","timestamp":"12-07-2023 18:22:21"}
{"body":"\"rl6t66np98jUpdated task description\"","level":"info","message":"modifying","timestamp":"12-07-2023 18:22:22"}
{"body":"\"150zfc4vmo2\"","level":"info","message":"modifying","timestamp":"12-07-2023 18:22:29"}
{"level":"info","message":"creating","timestamp":"12-07-2023 18:42:45"}
{"level":"info","message":"creating","timestamp":"12-07-2023 18:42:45"}
{"level":"info","message":"fetching","timestamp":"12-07-2023 18:42:45"}
{"level":"info","message":"fetching","timestamp":"12-07-2023 18:42:46"}
{"body":"\"a8bkbjd7d7c\"","level":"info","message":"modifying","timestamp":"12-07-2023 18:42:46"}
{"level":"info","message":"creating","timestamp":"13-07-2023 11:43:20"}
{"level":"info","message":"creating","timestamp":"13-07-2023 11:43:20"}
{"level":"info","message":"fetching","timestamp":"13-07-2023 11:43:20"}
{"level":"info","message":"fetching","timestamp":"13-07-2023 11:50:09"}
{"level":"info","message":"fetching","timestamp":"13-07-2023 11:50:14"}
{"level":"info","message":"creating","timestamp":"13-07-2023 11:50:16"}
{"level":"info","message":"fetching","timestamp":"13-07-2023 11:50:17"}
{"level":"info","message":"fetching","timestamp":"13-07-2023 11:50:18"}
{"level":"info","message":"deleting","timestamp":"13-07-2023 11:50:19"}
{"level":"info","message":"fetching","timestamp":"13-07-2023 11:50:41"}
{"level":"info","message":"creating","timestamp":"13-07-2023 11:50:42"}
{"level":"info","message":"fetching","timestamp":"13-07-2023 11:50:43"}
{"level":"info","message":"creating","timestamp":"13-07-2023 11:50:44"}
{"level":"info","message":"fetching","timestamp":"13-07-2023 11:50:45"}
{"level":"info","message":"fetching","timestamp":"13-07-2023 11:50:45"}
{"level":"info","message":"creating","timestamp":"13-07-2023 11:50:52"}
{"level":"info","message":"creating","timestamp":"13-07-2023 11:50:52"}
{"level":"info","message":"fetching","timestamp":"13-07-2023 11:50:52"}
{"level":"info","message":"fetching","timestamp":"13-07-2023 11:50:53"}
{"body":"\"i8rskxzrakpUpdated task description\"","level":"info","message":"modifying","timestamp":"13-07-2023 11:50:54"}
{"level":"info","message":"creating","timestamp":"13-07-2023 11:51:07"}
{"level":"info","message":"creating","timestamp":"13-07-2023 11:51:07"}
{"level":"info","message":"fetching","timestamp":"13-07-2023 11:51:08"}
{"level":"info","message":"fetching","timestamp":"13-07-2023 11:51:08"}
{"level":"info","message":"deleting","timestamp":"13-07-2023 11:51:08"}
{"level":"info","message":"creating","timestamp":"13-07-2023 11:51:15"}
{"level":"info","message":"creating","timestamp":"13-07-2023 11:51:16"}
{"level":"info","message":"fetching","timestamp":"13-07-2023 11:51:16"}
{"level":"info","message":"fetching","timestamp":"13-07-2023 11:51:16"}
{"body":"\"i8rskxzrakpUpdated task description\"","level":"info","message":"modifying","timestamp":"13-07-2023 11:51:17"}
{"level":"info","message":"creating","timestamp":"13-07-2023 11:51:28"}
{"level":"info","message":"creating","timestamp":"13-07-2023 11:51:28"}
{"level":"info","message":"fetching","timestamp":"13-07-2023 11:51:28"}
{"level":"info","message":"fetching","timestamp":"13-07-2023 11:51:29"}
{"body":"\"2c030x9gzet\"","level":"info","message":"creating","timestamp":"13-07-2023 11:51:30"}
{"level":"info","message":"creating","timestamp":"13-07-2023 11:51:38"}
{"level":"info","message":"creating","timestamp":"13-07-2023 11:51:38"}
{"level":"info","message":"fetching","timestamp":"13-07-2023 11:51:39"}
{"level":"info","message":"fetching","timestamp":"13-07-2023 11:51:39"}
{"body":"\"fpr4xrw5i6r\"","level":"info","message":"creating","timestamp":"13-07-2023 11:51:40"}
{"level":"info","message":"creating","timestamp":"13-07-2023 11:52:45"}
{"level":"info","message":"creating","timestamp":"13-07-2023 11:52:45"}
{"level":"info","message":"fetching","timestamp":"13-07-2023 11:52:45"}
{"level":"info","message":"fetching","timestamp":"13-07-2023 11:52:46"}
{"body":"\"150zfc4vmo2\"","level":"info","message":"modifying","timestamp":"13-07-2023 11:52:46"}
{"level":"info","message":"fetching","timestamp":"13-07-2023 11:53:38"}
{"level":"info","message":"creating","timestamp":"13-07-2023 11:53:43"}
{"level":"info","message":"fetching","timestamp":"13-07-2023 11:53:45"}
{"level":"info","message":"fetching","timestamp":"13-07-2023 11:53:45"}
{"body":"\"cndjs\"","level":"info","message":"modifying","timestamp":"13-07-2023 11:53:47"}
{"level":"info","message":"creating","timestamp":"13-07-2023 11:56:23"}
{"level":"info","message":"creating","timestamp":"13-07-2023 11:56:24"}
{"level":"info","message":"fetching","timestamp":"13-07-2023 11:56:24"}
{"level":"info","message":"fetching","timestamp":"13-07-2023 11:56:24"}
{"body":"\"rl6t66np98jUpdated task description\"","level":"info","message":"modifying","timestamp":"13-07-2023 11:56:25"}
{"level":"info","message":"creating","timestamp":"13-07-2023 11:56:48"}
{"level":"info","message":"creating","timestamp":"13-07-2023 11:56:48"}
{"level":"info","message":"fetching","timestamp":"13-07-2023 11:56:48"}
{"level":"info","message":"fetching","timestamp":"13-07-2023 11:56:49"}
{"body":"\"fpr4xrw5i6r\"","level":"info","message":"modifying","timestamp":"13-07-2023 11:56:49"}
{"body":"\"fpr4xrw5i6r\"","level":"info","message":"modifying","timestamp":"13-07-2023 11:56:59"}
{"body":"\"150zfc4vmo2\"","level":"info","message":"modifying","timestamp":"13-07-2023 11:57:00"}
{"body":"\"i8rskxzrakpUpdated task description\"","level":"info","message":"modifying","timestamp":"13-07-2023 11:57:01"}
{"level":"info","message":"creating","timestamp":"13-07-2023 11:57:04"}
{"level":"info","message":"creating","timestamp":"13-07-2023 11:57:04"}
{"level":"info","message":"fetching","timestamp":"13-07-2023 11:57:05"}
{"level":"info","message":"fetching","timestamp":"13-07-2023 11:57:05"}
{"body":"\"rl6t66np98jUpdated task description\"","level":"info","message":"modifying","timestamp":"13-07-2023 11:57:05"}
{"level":"info","message":"creating","timestamp":"13-07-2023 12:38:24"}
{"level":"info","message":"creating","timestamp":"13-07-2023 12:38:25"}
{"level":"info","message":"fetching","timestamp":"13-07-2023 12:38:25"}
{"level":"info","message":"creating","timestamp":"13-07-2023 12:38:30"}
{"level":"info","message":"creating","timestamp":"13-07-2023 12:38:30"}
{"level":"info","message":"fetching","timestamp":"13-07-2023 12:38:30"}
{"level":"info","message":"fetching","timestamp":"13-07-2023 12:38:31"}
{"body":"\"i8rskxzrakpUpdated task description\"","level":"info","message":"modifying","timestamp":"13-07-2023 12:38:31"}
{"level":"info","message":"creating","timestamp":"13-07-2023 12:40:16"}
{"level":"info","message":"creating","timestamp":"13-07-2023 12:40:16"}
{"level":"info","message":"fetching","timestamp":"13-07-2023 12:40:17"}
{"level":"info","message":"fetching","timestamp":"13-07-2023 12:40:17"}
{"body":"\"i8rskxzrakpUpdated task description\"","level":"info","message":"modifying","timestamp":"13-07-2023 12:40:18"}
{"level":"info","message":"creating","timestamp":"13-07-2023 12:40:25"}
{"level":"info","message":"creating","timestamp":"13-07-2023 12:40:25"}
{"level":"info","message":"fetching","timestamp":"13-07-2023 12:40:25"}
{"level":"info","message":"fetching","timestamp":"13-07-2023 12:40:26"}
{"level":"info","message":"deleting","timestamp":"13-07-2023 12:40:26"}
{"level":"info","message":"creating","timestamp":"13-07-2023 12:40:37"}
{"level":"info","message":"creating","timestamp":"13-07-2023 12:40:37"}
{"level":"info","message":"fetching","timestamp":"13-07-2023 12:40:38"}
{"level":"info","message":"fetching","timestamp":"13-07-2023 12:40:38"}
{"body":"\"prpup5swzwd\"","level":"info","message":"creating","timestamp":"13-07-2023 12:40:39"}
